#
# There is insufficient memory for the Java Runtime Environment to continue.
# Native memory allocation (mmap) failed to map 662700032 bytes for Failed to commit area from 0x000000009d400000 to 0x00000000c4c00000 of length 662700032.
# Possible reasons:
#   The system is out of physical RAM or swap space
#   The process is running with CompressedOops enabled, and the Java Heap may be blocking the growth of the native heap
# Possible solutions:
#   Reduce memory load on the system
#   Increase physical memory or swap space
#   Check if swap backing store is full
#   Decrease Java heap size (-Xmx/-Xms)
#   Decrease number of Java threads
#   Decrease Java thread stack sizes (-Xss)
#   Set larger code cache with -XX:ReservedCodeCacheSize=
#   JVM is running with Unscaled Compressed Oops mode in which the Java heap is
#     placed in the first 4GB address space. The Java Heap base address is the
#     maximum limit for the native heap growth. Please use -XX:HeapBaseMinAddress
#     to set the Java Heap base and to place the Java Heap above 4GB virtual address.
# This output file may be truncated or incomplete.
#
#  Out of Memory Error (t:/workspace/open/src/hotspot/os/windows/os_windows.cpp:3221), pid=20504, tid=25428
#
# JRE version: Java(TM) SE Runtime Environment (10.0.1+10) (build 10.0.1+10)
# Java VM: Java HotSpot(TM) 64-Bit Server VM (10.0.1+10, mixed mode, tiered, compressed oops, g1 gc, windows-amd64)
# No core dump will be written. Minidumps are not enabled by default on client versions of Windows
#

---------------  S U M M A R Y ------------

Command Line: -Dfile.encoding=Cp1252 br.com.fiap.fundamentos.listas.Exercicio3

Host: Intel(R) Core(TM) i3-2330M CPU @ 2.20GHz, 4 cores, 7G,  Windows 10 , 64 bit Build 16299 (10.0.16299.15)
Time: Tue Jul 24 19:19:12 2018 Hora oficial do Brasil elapsed time: 1 seconds (0d 0h 0m 1s)

---------------  T H R E A D  ---------------

Current thread (0x00000151203f9800):  VMThread "VM Thread" [stack: 0x0000001092e00000,0x0000001092f00000] [id=25428]

Stack: [0x0000001092e00000,0x0000001092f00000]
[error occurred during error reporting (printing stack bounds), id 0xe0000002]

Native frames: (J=compiled Java code, j=interpreted, Vv=VM code, C=native code)
V  [jvm.dll+0x5a0369]
V  [jvm.dll+0x6bcf81]
V  [jvm.dll+0x6be176]
V  [jvm.dll+0x6be765]
V  [jvm.dll+0x6be71b]
V  [jvm.dll+0x59fb63]
V  [jvm.dll+0x59ff68]
C  [ntdll.dll+0xa4c7d]
C  [ntdll.dll+0x1d1d8]
C  [ntdll.dll+0xa3bae]
C  0x000001510aae0ead

VM_Operation (0x00000010922ff3c0): G1IncCollectionPause, mode: safepoint, requested by thread 0x000001517fafa000


---------------  P R O C E S S  ---------------

Threads class SMR info:
_java_thread_list=0x0000015120ead270, length=11, elements={
0x000001517fafa000, 0x00000151203fd800, 0x00000151203fe800, 0x0000015120446000,
0x0000015120449000, 0x000001512044b800, 0x0000015120450800, 0x0000015120469800,
0x0000015120da0800, 0x0000015120f1c800, 0x0000015120f1b800
}

Java Threads: ( => current thread )
  0x000001517fafa000 JavaThread "main" [_thread_blocked, id=24528, stack(0x0000001092200000,0x0000001092300000)]
  0x00000151203fd800 JavaThread "Reference Handler" daemon [_thread_blocked, id=28084, stack(0x0000001092f00000,0x0000001093000000)]
  0x00000151203fe800 JavaThread "Finalizer" daemon [_thread_blocked, id=27960, stack(0x0000001093000000,0x0000001093100000)]
  0x0000015120446000 JavaThread "Signal Dispatcher" daemon [_thread_blocked, id=28148, stack(0x0000001093100000,0x0000001093200000)]
  0x0000015120449000 JavaThread "Attach Listener" daemon [_thread_blocked, id=27820, stack(0x0000001093200000,0x0000001093300000)]
  0x000001512044b800 JavaThread "C2 CompilerThread0" daemon [_thread_blocked, id=28436, stack(0x0000001093300000,0x0000001093400000)]
  0x0000015120450800 JavaThread "C2 CompilerThread1" daemon [_thread_blocked, id=14752, stack(0x0000001093400000,0x0000001093500000)]
  0x0000015120469800 JavaThread "C1 CompilerThread2" daemon [_thread_blocked, id=13592, stack(0x0000001093500000,0x0000001093600000)]
  0x0000015120da0800 JavaThread "Sweeper thread" daemon [_thread_blocked, id=23560, stack(0x0000001093600000,0x0000001093700000)]
  0x0000015120f1c800 JavaThread "Service Thread" daemon [_thread_blocked, id=28268, stack(0x0000001093700000,0x0000001093800000)]
  0x0000015120f1b800 JavaThread "Common-Cleaner" daemon [_thread_blocked, id=26832, stack(0x0000001093800000,0x0000001093900000)]

Other Threads:
=>0x00000151203f9800 VMThread "VM Thread" [stack: 0x0000001092e00000,0x0000001092f00000] [id=25428]
  0x0000015120f26000 WatcherThread [stack: 0x0000001093900000,0x0000001093a00000] [id=16372]
  0x000001517fb11000 GCTaskThread "GC Thread#0" [stack: 0x0000001092300000,0x0000001092400000] [id=25692]
  0x000001517fb16000 GCTaskThread "GC Thread#1" [stack: 0x0000001092400000,0x0000001092500000] [id=28128]
  0x000001517fb1d000 GCTaskThread "GC Thread#2" [stack: 0x0000001092500000,0x0000001092600000] [id=26884]
  0x000001517fb21800 GCTaskThread "GC Thread#3" [stack: 0x0000001092600000,0x0000001092700000] [id=23116]
  0x000001517fb89800 ConcurrentGCThread "G1 Main Marker" [stack: 0x0000001092700000,0x0000001092800000] [id=27688]
  0x000001517fb8c800 ConcurrentGCThread "G1 Conc#0" [stack: 0x0000001092800000,0x0000001092900000] [id=28328]
  0x00000151202ae800 ConcurrentGCThread "G1 Refine#0" [stack: 0x0000001092900000,0x0000001092a00000] [id=24644]
  0x00000151202b0000 ConcurrentGCThread "G1 Refine#1" [stack: 0x0000001092a00000,0x0000001092b00000] [id=11240]
  0x00000151202b1000 ConcurrentGCThread "G1 Refine#2" [stack: 0x0000001092b00000,0x0000001092c00000] [id=23500]
  0x00000151202b3000 ConcurrentGCThread "G1 Refine#3" [stack: 0x0000001092c00000,0x0000001092d00000] [id=27904]
  0x00000151202bc000 ConcurrentGCThread "G1 Young RemSet Sampling" [stack: 0x0000001092d00000,0x0000001092e00000] [id=27936]

Threads with active compile tasks:

VM state:at safepoint (normal execution)

VM Mutex/Monitor currently owned by a thread:  ([mutex/lock_event])
[0x000001517faf8870] Threads_lock - owner thread: 0x00000151203f9800
[0x000001517faf8e10] Heap_lock - owner thread: 0x000001517fafa000

Heap address: 0x0000000086600000, size: 1946 MB, Compressed Oops mode: 32-bit
Narrow klass base: 0x0000000000000000, Narrow klass shift: 3
Compressed class space size: 1073741824 Address: 0x0000000100000000

Heap:
 garbage-first heap   total 1021952K, used 192512K [0x0000000086600000, 0x0000000100000000)
  region size 1024K, 5 young (5120K), 5 survivors (5120K)
 Metaspace       used 4569K, capacity 4714K, committed 4864K, reserved 1056768K
  class space    used 433K, capacity 458K, committed 512K, reserved 1048576K
Heap Regions: E=young(eden), S=young(survivor), O=old, HS=humongous(starts), HC=humongous(continues), CS=collection set, F=free, A=archive, TS=gc time stamp, AC=allocation context, TAMS=top-at-mark-start (previous, next)
|   0|0x0000000086600000, 0x0000000086700000, 0x0000000086700000|100%|HS|  |TS  0|AC  0|TAMS 0x0000000086600000, 0x0000000086600000|
|   1|0x0000000086700000, 0x0000000086800000, 0x0000000086800000|100%|HS|  |TS  0|AC  0|TAMS 0x0000000086700000, 0x0000000086700000|
|   2|0x0000000086800000, 0x0000000086900000, 0x0000000086900000|100%|HS|  |TS  0|AC  0|TAMS 0x0000000086800000, 0x0000000086800000|
|   3|0x0000000086900000, 0x0000000086a00000, 0x0000000086a00000|100%|HC|  |TS  0|AC  0|TAMS 0x0000000086900000, 0x0000000086900000|
|   4|0x0000000086a00000, 0x0000000086b00000, 0x0000000086b00000|100%|HS|  |TS  0|AC  0|TAMS 0x0000000086a00000, 0x0000000086a00000|
|   5|0x0000000086b00000, 0x0000000086c00000, 0x0000000086c00000|100%|HC|  |TS  0|AC  0|TAMS 0x0000000086b00000, 0x0000000086b00000|
|   6|0x0000000086c00000, 0x0000000086d00000, 0x0000000086d00000|100%|HC|  |TS  0|AC  0|TAMS 0x0000000086c00000, 0x0000000086c00000|
|   7|0x0000000086d00000, 0x0000000086e00000, 0x0000000086e00000|100%|HS|  |TS  0|AC  0|TAMS 0x0000000086d00000, 0x0000000086d00000|
|   8|0x0000000086e00000, 0x0000000086f00000, 0x0000000086f00000|100%|HC|  |TS  0|AC  0|TAMS 0x0000000086e00000, 0x0000000086e00000|
|   9|0x0000000086f00000, 0x0000000087000000, 0x0000000087000000|100%|HC|  |TS  0|AC  0|TAMS 0x0000000086f00000, 0x0000000086f00000|
|  10|0x0000000087000000, 0x0000000087100000, 0x0000000087100000|100%|HC|  |TS  0|AC  0|TAMS 0x0000000087000000, 0x0000000087000000|
|  11|0x0000000087100000, 0x0000000087200000, 0x0000000087200000|100%| O|  |TS  1|AC  0|TAMS 0x0000000087100000, 0x0000000087100000|
|  12|0x0000000087200000, 0x0000000087300000, 0x0000000087300000|100%| O|  |TS  1|AC  0|TAMS 0x0000000087200000, 0x0000000087200000|
|  13|0x0000000087300000, 0x0000000087400000, 0x0000000087400000|100%| O|  |TS  1|AC  0|TAMS 0x0000000087300000, 0x0000000087300000|
|  14|0x0000000087400000, 0x0000000087500000, 0x0000000087500000|100%| O|  |TS  1|AC  0|TAMS 0x0000000087400000, 0x0000000087400000|
|  15|0x0000000087500000, 0x0000000087600000, 0x0000000087600000|100%| O|  |TS  1|AC  0|TAMS 0x0000000087500000, 0x0000000087500000|
|  16|0x0000000087600000, 0x0000000087700000, 0x0000000087700000|100%| O|  |TS  1|AC  0|TAMS 0x0000000087600000, 0x0000000087600000|
|  17|0x0000000087700000, 0x0000000087800000, 0x0000000087800000|100%| O|  |TS  1|AC  0|TAMS 0x0000000087700000, 0x0000000087700000|
|  18|0x0000000087800000, 0x0000000087900000, 0x0000000087900000|100%| O|  |TS  1|AC  0|TAMS 0x0000000087800000, 0x0000000087800000|
|  19|0x0000000087900000, 0x0000000087a00000, 0x0000000087a00000|100%| O|  |TS  1|AC  0|TAMS 0x0000000087900000, 0x0000000087900000|
|  20|0x0000000087a00000, 0x0000000087b00000, 0x0000000087b00000|100%| O|  |TS  2|AC  0|TAMS 0x0000000087a00000, 0x0000000087a00000|
|  21|0x0000000087b00000, 0x0000000087c00000, 0x0000000087c00000|100%|HS|  |TS  0|AC  0|TAMS 0x0000000087b00000, 0x0000000087b00000|
|  22|0x0000000087c00000, 0x0000000087d00000, 0x0000000087d00000|100%|HC|  |TS  0|AC  0|TAMS 0x0000000087c00000, 0x0000000087c00000|
|  23|0x0000000087d00000, 0x0000000087e00000, 0x0000000087e00000|100%|HC|  |TS  0|AC  0|TAMS 0x0000000087d00000, 0x0000000087d00000|
|  24|0x0000000087e00000, 0x0000000087f00000, 0x0000000087f00000|100%|HC|  |TS  0|AC  0|TAMS 0x0000000087e00000, 0x0000000087e00000|
|  25|0x0000000087f00000, 0x0000000088000000, 0x0000000088000000|100%|HC|  |TS  0|AC  0|TAMS 0x0000000087f00000, 0x0000000087f00000|
|  26|0x0000000088000000, 0x0000000088100000, 0x0000000088100000|100%| O|  |TS  2|AC  0|TAMS 0x0000000088000000, 0x0000000088000000|
|  27|0x0000000088100000, 0x0000000088200000, 0x0000000088200000|100%| O|  |TS  2|AC  0|TAMS 0x0000000088100000, 0x0000000088100000|
|  28|0x0000000088200000, 0x0000000088300000, 0x0000000088300000|100%| O|  |TS  2|AC  0|TAMS 0x0000000088200000, 0x0000000088200000|
|  29|0x0000000088300000, 0x0000000088400000, 0x0000000088400000|100%| O|  |TS  2|AC  0|TAMS 0x0000000088300000, 0x0000000088300000|
|  30|0x0000000088400000, 0x0000000088500000, 0x0000000088500000|100%| O|  |TS  2|AC  0|TAMS 0x0000000088400000, 0x0000000088400000|
|  31|0x0000000088500000, 0x0000000088600000, 0x0000000088600000|100%| O|  |TS  3|AC  0|TAMS 0x0000000088500000, 0x0000000088500000|
|  32|0x0000000088600000, 0x0000000088700000, 0x0000000088700000|100%| O|  |TS  3|AC  0|TAMS 0x0000000088600000, 0x0000000088600000|
|  33|0x0000000088700000, 0x0000000088800000, 0x0000000088800000|100%| O|  |TS  3|AC  0|TAMS 0x0000000088700000, 0x0000000088700000|
|  34|0x0000000088800000, 0x0000000088900000, 0x0000000088900000|100%| O|  |TS  3|AC  0|TAMS 0x0000000088800000, 0x0000000088800000|
|  35|0x0000000088900000, 0x0000000088a00000, 0x0000000088a00000|100%| O|  |TS  3|AC  0|TAMS 0x0000000088900000, 0x0000000088900000|
|  36|0x0000000088a00000, 0x0000000088b00000, 0x0000000088b00000|100%| O|  |TS  3|AC  0|TAMS 0x0000000088a00000, 0x0000000088a00000|
|  37|0x0000000088b00000, 0x0000000088c00000, 0x0000000088c00000|100%| O|  |TS  4|AC  0|TAMS 0x0000000088b00000, 0x0000000088b00000|
|  38|0x0000000088c00000, 0x0000000088d00000, 0x0000000088d00000|100%| O|  |TS  4|AC  0|TAMS 0x0000000088c00000, 0x0000000088c00000|
|  39|0x0000000088d00000, 0x0000000088e00000, 0x0000000088e00000|100%| O|  |TS  4|AC  0|TAMS 0x0000000088d00000, 0x0000000088d00000|
|  40|0x0000000088e00000, 0x0000000088f00000, 0x0000000088f00000|100%| O|  |TS  4|AC  0|TAMS 0x0000000088e00000, 0x0000000088e00000|
|  41|0x0000000088f00000, 0x0000000089000000, 0x0000000089000000|100%| O|  |TS  4|AC  0|TAMS 0x0000000088f00000, 0x0000000088f00000|
|  42|0x0000000089000000, 0x0000000089100000, 0x0000000089100000|100%| O|  |TS  4|AC  0|TAMS 0x0000000089000000, 0x0000000089000000|
|  43|0x0000000089100000, 0x0000000089200000, 0x0000000089200000|100%| O|  |TS  4|AC  0|TAMS 0x0000000089100000, 0x0000000089100000|
|  44|0x0000000089200000, 0x0000000089300000, 0x0000000089300000|100%| O|  |TS  5|AC  0|TAMS 0x0000000089200000, 0x0000000089200000|
|  45|0x0000000089300000, 0x0000000089400000, 0x0000000089400000|100%| O|  |TS  5|AC  0|TAMS 0x0000000089300000, 0x0000000089300000|
|  46|0x0000000089400000, 0x0000000089500000, 0x0000000089500000|100%| O|  |TS  5|AC  0|TAMS 0x0000000089400000, 0x0000000089400000|
|  47|0x0000000089500000, 0x0000000089600000, 0x0000000089600000|100%| O|  |TS  5|AC  0|TAMS 0x0000000089500000, 0x0000000089500000|
|  48|0x0000000089600000, 0x0000000089700000, 0x0000000089700000|100%| O|  |TS  5|AC  0|TAMS 0x0000000089600000, 0x0000000089600000|
|  49|0x0000000089700000, 0x0000000089800000, 0x0000000089800000|100%| O|  |TS  5|AC  0|TAMS 0x0000000089700000, 0x0000000089700000|
|  50|0x0000000089800000, 0x0000000089900000, 0x0000000089900000|100%| O|  |TS  5|AC  0|TAMS 0x0000000089800000, 0x0000000089800000|
|  51|0x0000000089900000, 0x0000000089a00000, 0x0000000089a00000|100%| O|  |TS  5|AC  0|TAMS 0x0000000089900000, 0x0000000089900000|
|  52|0x0000000089a00000, 0x0000000089b00000, 0x0000000089b00000|100%| O|  |TS  5|AC  0|TAMS 0x0000000089a00000, 0x0000000089a00000|
|  53|0x0000000089b00000, 0x0000000089c00000, 0x0000000089c00000|100%| O|  |TS  5|AC  0|TAMS 0x0000000089b00000, 0x0000000089b00000|
|  54|0x0000000089c00000, 0x0000000089d00000, 0x0000000089d00000|100%| O|  |TS  5|AC  0|TAMS 0x0000000089c00000, 0x0000000089c00000|
|  55|0x0000000089d00000, 0x0000000089e00000, 0x0000000089e00000|100%| O|  |TS  5|AC  0|TAMS 0x0000000089d00000, 0x0000000089d00000|
|  56|0x0000000089e00000, 0x0000000089f00000, 0x0000000089f00000|100%| O|  |TS  5|AC  0|TAMS 0x0000000089e00000, 0x0000000089e00000|
|  57|0x0000000089f00000, 0x000000008a000000, 0x000000008a000000|100%| O|  |TS  6|AC  0|TAMS 0x0000000089f00000, 0x0000000089f00000|
|  58|0x000000008a000000, 0x000000008a100000, 0x000000008a100000|100%|HS|  |TS  0|AC  0|TAMS 0x000000008a000000, 0x000000008a000000|
|  59|0x000000008a100000, 0x000000008a200000, 0x000000008a200000|100%|HS|  |TS  0|AC  0|TAMS 0x000000008a100000, 0x000000008a100000|
|  60|0x000000008a200000, 0x000000008a300000, 0x000000008a300000|100%|HC|  |TS  0|AC  0|TAMS 0x000000008a200000, 0x000000008a200000|
|  61|0x000000008a300000, 0x000000008a400000, 0x000000008a400000|100%| O|  |TS  6|AC  0|TAMS 0x000000008a300000, 0x000000008a300000|
|  62|0x000000008a400000, 0x000000008a500000, 0x000000008a500000|100%| O|  |TS  6|AC  0|TAMS 0x000000008a400000, 0x000000008a400000|
|  63|0x000000008a500000, 0x000000008a600000, 0x000000008a600000|100%| O|  |TS  6|AC  0|TAMS 0x000000008a500000, 0x000000008a500000|
|  64|0x000000008a600000, 0x000000008a700000, 0x000000008a700000|100%| O|  |TS  6|AC  0|TAMS 0x000000008a600000, 0x000000008a600000|
|  65|0x000000008a700000, 0x000000008a800000, 0x000000008a800000|100%| O|  |TS  6|AC  0|TAMS 0x000000008a700000, 0x000000008a700000|
|  66|0x000000008a800000, 0x000000008a900000, 0x000000008a900000|100%| O|  |TS  6|AC  0|TAMS 0x000000008a800000, 0x000000008a800000|
|  67|0x000000008a900000, 0x000000008aa00000, 0x000000008aa00000|100%| O|  |TS  6|AC  0|TAMS 0x000000008a900000, 0x000000008a900000|
|  68|0x000000008aa00000, 0x000000008ab00000, 0x000000008ab00000|100%| O|  |TS  6|AC  0|TAMS 0x000000008aa00000, 0x000000008aa00000|
|  69|0x000000008ab00000, 0x000000008ac00000, 0x000000008ac00000|100%| O|  |TS  6|AC  0|TAMS 0x000000008ab00000, 0x000000008ab00000|
|  70|0x000000008ac00000, 0x000000008ad00000, 0x000000008ad00000|100%| O|  |TS  6|AC  0|TAMS 0x000000008ac00000, 0x000000008ac00000|
|  71|0x000000008ad00000, 0x000000008ae00000, 0x000000008ae00000|100%| O|  |TS  6|AC  0|TAMS 0x000000008ad00000, 0x000000008ad00000|
|  72|0x000000008ae00000, 0x000000008af00000, 0x000000008af00000|100%| O|  |TS  6|AC  0|TAMS 0x000000008ae00000, 0x000000008ae00000|
|  73|0x000000008af00000, 0x000000008b000000, 0x000000008b000000|100%| O|  |TS  6|AC  0|TAMS 0x000000008af00000, 0x000000008af00000|
|  74|0x000000008b000000, 0x000000008b100000, 0x000000008b100000|100%| O|  |TS  6|AC  0|TAMS 0x000000008b000000, 0x000000008b000000|
|  75|0x000000008b100000, 0x000000008b200000, 0x000000008b200000|100%| O|  |TS  6|AC  0|TAMS 0x000000008b100000, 0x000000008b100000|
|  76|0x000000008b200000, 0x000000008b300000, 0x000000008b300000|100%| O|  |TS  6|AC  0|TAMS 0x000000008b200000, 0x000000008b200000|
|  77|0x000000008b300000, 0x000000008b400000, 0x000000008b400000|100%| O|  |TS  7|AC  0|TAMS 0x000000008b300000, 0x000000008b300000|
|  78|0x000000008b400000, 0x000000008b500000, 0x000000008b500000|100%|HS|  |TS  0|AC  0|TAMS 0x000000008b400000, 0x000000008b400000|
|  79|0x000000008b500000, 0x000000008b600000, 0x000000008b600000|100%|HC|  |TS  0|AC  0|TAMS 0x000000008b500000, 0x000000008b500000|
|  80|0x000000008b600000, 0x000000008b700000, 0x000000008b700000|100%|HC|  |TS  0|AC  0|TAMS 0x000000008b600000, 0x000000008b600000|
|  81|0x000000008b700000, 0x000000008b800000, 0x000000008b800000|100%|HS|  |TS  0|AC  0|TAMS 0x000000008b700000, 0x000000008b700000|
|  82|0x000000008b800000, 0x000000008b900000, 0x000000008b900000|100%|HC|  |TS  0|AC  0|TAMS 0x000000008b800000, 0x000000008b800000|
|  83|0x000000008b900000, 0x000000008ba00000, 0x000000008ba00000|100%|HC|  |TS  0|AC  0|TAMS 0x000000008b900000, 0x000000008b900000|
|  84|0x000000008ba00000, 0x000000008bb00000, 0x000000008bb00000|100%|HC|  |TS  0|AC  0|TAMS 0x000000008ba00000, 0x000000008ba00000|
|  85|0x000000008bb00000, 0x000000008bc00000, 0x000000008bc00000|100%|HC|  |TS  0|AC  0|TAMS 0x000000008bb00000, 0x000000008bb00000|
|  86|0x000000008bc00000, 0x000000008bd00000, 0x000000008bd00000|100%|HC|  |TS  0|AC  0|TAMS 0x000000008bc00000, 0x000000008bc00000|
|  87|0x000000008bd00000, 0x000000008be00000, 0x000000008be00000|100%|HS|  |TS  0|AC  0|TAMS 0x000000008bd00000, 0x000000008bd00000|
|  88|0x000000008be00000, 0x000000008bf00000, 0x000000008bf00000|100%|HS|  |TS  0|AC  0|TAMS 0x000000008be00000, 0x000000008be00000|
|  89|0x000000008bf00000, 0x000000008c000000, 0x000000008c000000|100%|HC|  |TS  0|AC  0|TAMS 0x000000008bf00000, 0x000000008bf00000|
|  90|0x000000008c000000, 0x000000008c100000, 0x000000008c100000|100%| O|  |TS  7|AC  0|TAMS 0x000000008c000000, 0x000000008c000000|
|  91|0x000000008c100000, 0x000000008c200000, 0x000000008c200000|100%| O|  |TS  7|AC  0|TAMS 0x000000008c100000, 0x000000008c100000|
|  92|0x000000008c200000, 0x000000008c300000, 0x000000008c300000|100%| O|  |TS  7|AC  0|TAMS 0x000000008c200000, 0x000000008c200000|
|  93|0x000000008c300000, 0x000000008c400000, 0x000000008c400000|100%| O|  |TS  7|AC  0|TAMS 0x000000008c300000, 0x000000008c300000|
|  94|0x000000008c400000, 0x000000008c500000, 0x000000008c500000|100%| O|  |TS  7|AC  0|TAMS 0x000000008c400000, 0x000000008c400000|
|  95|0x000000008c500000, 0x000000008c600000, 0x000000008c600000|100%| O|  |TS  7|AC  0|TAMS 0x000000008c500000, 0x000000008c500000|
|  96|0x000000008c600000, 0x000000008c700000, 0x000000008c700000|100%| O|  |TS  7|AC  0|TAMS 0x000000008c600000, 0x000000008c600000|
|  97|0x000000008c700000, 0x000000008c800000, 0x000000008c800000|100%| O|  |TS  7|AC  0|TAMS 0x000000008c700000, 0x000000008c700000|
|  98|0x000000008c800000, 0x000000008c900000, 0x000000008c900000|100%| O|  |TS  7|AC  0|TAMS 0x000000008c800000, 0x000000008c800000|
|  99|0x000000008c900000, 0x000000008ca00000, 0x000000008ca00000|100%| O|  |TS  7|AC  0|TAMS 0x000000008c900000, 0x000000008c900000|
| 100|0x000000008ca00000, 0x000000008cb00000, 0x000000008cb00000|100%| O|  |TS  7|AC  0|TAMS 0x000000008ca00000, 0x000000008ca00000|
| 101|0x000000008cb00000, 0x000000008cc00000, 0x000000008cc00000|100%| O|  |TS  7|AC  0|TAMS 0x000000008cb00000, 0x000000008cb00000|
| 102|0x000000008cc00000, 0x000000008cd00000, 0x000000008cd00000|100%| O|  |TS  7|AC  0|TAMS 0x000000008cc00000, 0x000000008cc00000|
| 103|0x000000008cd00000, 0x000000008ce00000, 0x000000008ce00000|100%| O|  |TS  7|AC  0|TAMS 0x000000008cd00000, 0x000000008cd00000|
| 104|0x000000008ce00000, 0x000000008cf00000, 0x000000008cf00000|100%| O|  |TS  7|AC  0|TAMS 0x000000008ce00000, 0x000000008ce00000|
| 105|0x000000008cf00000, 0x000000008d000000, 0x000000008d000000|100%| O|  |TS  7|AC  0|TAMS 0x000000008cf00000, 0x000000008cf00000|
| 106|0x000000008d000000, 0x000000008d100000, 0x000000008d100000|100%| O|  |TS  7|AC  0|TAMS 0x000000008d000000, 0x000000008d000000|
| 107|0x000000008d100000, 0x000000008d200000, 0x000000008d200000|100%| O|  |TS  7|AC  0|TAMS 0x000000008d100000, 0x000000008d100000|
| 108|0x000000008d200000, 0x000000008d300000, 0x000000008d300000|100%|HS|  |TS  5|AC  0|TAMS 0x000000008d200000, 0x000000008d200000|
| 109|0x000000008d300000, 0x000000008d400000, 0x000000008d400000|100%|HC|  |TS  5|AC  0|TAMS 0x000000008d300000, 0x000000008d300000|
| 110|0x000000008d400000, 0x000000008d500000, 0x000000008d500000|100%|HC|  |TS  5|AC  0|TAMS 0x000000008d400000, 0x000000008d400000|
| 111|0x000000008d500000, 0x000000008d600000, 0x000000008d600000|100%|HS|  |TS  5|AC  0|TAMS 0x000000008d500000, 0x000000008d500000|
| 112|0x000000008d600000, 0x000000008d700000, 0x000000008d700000|100%|HC|  |TS  5|AC  0|TAMS 0x000000008d600000, 0x000000008d600000|
| 113|0x000000008d700000, 0x000000008d800000, 0x000000008d800000|100%|HC|  |TS  5|AC  0|TAMS 0x000000008d700000, 0x000000008d700000|
| 114|0x000000008d800000, 0x000000008d900000, 0x000000008d900000|100%|HC|  |TS  5|AC  0|TAMS 0x000000008d800000, 0x000000008d800000|
| 115|0x000000008d900000, 0x000000008da00000, 0x000000008da00000|100%|HC|  |TS  5|AC  0|TAMS 0x000000008d900000, 0x000000008d900000|
| 116|0x000000008da00000, 0x000000008db00000, 0x000000008db00000|100%| O|  |TS  8|AC  0|TAMS 0x000000008da00000, 0x000000008da00000|
| 117|0x000000008db00000, 0x000000008dc00000, 0x000000008dc00000|100%| O|  |TS  8|AC  0|TAMS 0x000000008db00000, 0x000000008db00000|
| 118|0x000000008dc00000, 0x000000008dd00000, 0x000000008dd00000|100%| O|  |TS  8|AC  0|TAMS 0x000000008dc00000, 0x000000008dc00000|
| 119|0x000000008dd00000, 0x000000008de00000, 0x000000008de00000|100%| O|  |TS  8|AC  0|TAMS 0x000000008dd00000, 0x000000008dd00000|
| 120|0x000000008de00000, 0x000000008df00000, 0x000000008df00000|100%| O|  |TS  8|AC  0|TAMS 0x000000008de00000, 0x000000008de00000|
| 121|0x000000008df00000, 0x000000008e000000, 0x000000008e000000|100%| O|  |TS  8|AC  0|TAMS 0x000000008df00000, 0x000000008df00000|
| 122|0x000000008e000000, 0x000000008e100000, 0x000000008e100000|100%| O|  |TS  8|AC  0|TAMS 0x000000008e000000, 0x000000008e000000|
| 123|0x000000008e100000, 0x000000008e200000, 0x000000008e200000|100%| O|  |TS  8|AC  0|TAMS 0x000000008e100000, 0x000000008e100000|
| 124|0x000000008e200000, 0x000000008e300000, 0x000000008e300000|100%| O|  |TS  8|AC  0|TAMS 0x000000008e200000, 0x000000008e200000|
| 125|0x000000008e300000, 0x000000008e400000, 0x000000008e400000|100%| O|  |TS  8|AC  0|TAMS 0x000000008e300000, 0x000000008e300000|
| 126|0x000000008e400000, 0x000000008e500000, 0x000000008e500000|100%| O|  |TS  8|AC  0|TAMS 0x000000008e400000, 0x000000008e400000|
| 127|0x000000008e500000, 0x000000008e600000, 0x000000008e600000|100%| O|  |TS  8|AC  0|TAMS 0x000000008e500000, 0x000000008e500000|
| 128|0x000000008e600000, 0x000000008e700000, 0x000000008e700000|100%| O|  |TS  8|AC  0|TAMS 0x000000008e600000, 0x000000008e600000|
| 129|0x000000008e700000, 0x000000008e800000, 0x000000008e800000|100%| O|  |TS  8|AC  0|TAMS 0x000000008e700000, 0x000000008e700000|
| 130|0x000000008e800000, 0x000000008e900000, 0x000000008e900000|100%| O|  |TS  8|AC  0|TAMS 0x000000008e800000, 0x000000008e800000|
| 131|0x000000008e900000, 0x000000008ea00000, 0x000000008ea00000|100%| O|  |TS  8|AC  0|TAMS 0x000000008e900000, 0x000000008e900000|
| 132|0x000000008ea00000, 0x000000008eb00000, 0x000000008eb00000|100%| O|  |TS  8|AC  0|TAMS 0x000000008ea00000, 0x000000008ea00000|
| 133|0x000000008eb00000, 0x000000008ec00000, 0x000000008ec00000|100%| O|  |TS  8|AC  0|TAMS 0x000000008eb00000, 0x000000008eb00000|
| 134|0x000000008ec00000, 0x000000008ed00000, 0x000000008ed00000|100%| O|  |TS  8|AC  0|TAMS 0x000000008ec00000, 0x000000008ec00000|
| 135|0x000000008ed00000, 0x000000008ee00000, 0x000000008ee00000|100%| O|  |TS  8|AC  0|TAMS 0x000000008ed00000, 0x000000008ed00000|
| 136|0x000000008ee00000, 0x000000008ef00000, 0x000000008ef00000|100%| O|  |TS  8|AC  0|TAMS 0x000000008ee00000, 0x000000008ee00000|
| 137|0x000000008ef00000, 0x000000008f000000, 0x000000008f000000|100%| O|  |TS  8|AC  0|TAMS 0x000000008ef00000, 0x000000008ef00000|
| 138|0x000000008f000000, 0x000000008f100000, 0x000000008f100000|100%| O|  |TS  8|AC  0|TAMS 0x000000008f000000, 0x000000008f000000|
| 139|0x000000008f100000, 0x000000008f200000, 0x000000008f200000|100%| O|  |TS  8|AC  0|TAMS 0x000000008f100000, 0x000000008f100000|
| 140|0x000000008f200000, 0x000000008f300000, 0x000000008f300000|100%|HS|  |TS  5|AC  0|TAMS 0x000000008f200000, 0x000000008f200000|
| 141|0x000000008f300000, 0x000000008f400000, 0x000000008f400000|100%|HC|  |TS  5|AC  0|TAMS 0x000000008f300000, 0x000000008f300000|
| 142|0x000000008f400000, 0x000000008f500000, 0x000000008f500000|100%|HC|  |TS  5|AC  0|TAMS 0x000000008f400000, 0x000000008f400000|
| 143|0x000000008f500000, 0x000000008f600000, 0x000000008f600000|100%|HC|  |TS  5|AC  0|TAMS 0x000000008f500000, 0x000000008f500000|
| 144|0x000000008f600000, 0x000000008f700000, 0x000000008f700000|100%|HC|  |TS  5|AC  0|TAMS 0x000000008f600000, 0x000000008f600000|
| 145|0x000000008f700000, 0x000000008f800000, 0x000000008f800000|100%|HC|  |TS  5|AC  0|TAMS 0x000000008f700000, 0x000000008f700000|
| 146|0x000000008f800000, 0x000000008f900000, 0x000000008f900000|100%|HC|  |TS  5|AC  0|TAMS 0x000000008f800000, 0x000000008f800000|
| 147|0x000000008f900000, 0x000000008fa00000, 0x000000008fa00000|100%|HC|  |TS  5|AC  0|TAMS 0x000000008f900000, 0x000000008f900000|
| 148|0x000000008fa00000, 0x000000008fb00000, 0x000000008fb00000|100%|HC|  |TS  5|AC  0|TAMS 0x000000008fa00000, 0x000000008fa00000|
| 149|0x000000008fb00000, 0x000000008fc00000, 0x000000008fc00000|100%|HS|  |TS  5|AC  0|TAMS 0x000000008fb00000, 0x000000008fb00000|
| 150|0x000000008fc00000, 0x000000008fd00000, 0x000000008fd00000|100%|HS|  |TS  5|AC  0|TAMS 0x000000008fc00000, 0x000000008fc00000|
| 151|0x000000008fd00000, 0x000000008fe00000, 0x000000008fe00000|100%|HC|  |TS  5|AC  0|TAMS 0x000000008fd00000, 0x000000008fd00000|
| 152|0x000000008fe00000, 0x000000008ff00000, 0x000000008ff00000|100%|HS|  |TS  5|AC  0|TAMS 0x000000008fe00000, 0x000000008fe00000|
| 153|0x000000008ff00000, 0x0000000090000000, 0x0000000090000000|100%|HC|  |TS  5|AC  0|TAMS 0x000000008ff00000, 0x000000008ff00000|
| 154|0x0000000090000000, 0x0000000090100000, 0x0000000090100000|100%|HC|  |TS  5|AC  0|TAMS 0x0000000090000000, 0x0000000090000000|
| 155|0x0000000090100000, 0x0000000090200000, 0x0000000090200000|100%| O|  |TS  9|AC  0|TAMS 0x0000000090100000, 0x0000000090100000|
| 156|0x0000000090200000, 0x0000000090300000, 0x0000000090300000|100%| O|  |TS  9|AC  0|TAMS 0x0000000090200000, 0x0000000090200000|
| 157|0x0000000090300000, 0x0000000090400000, 0x0000000090400000|100%| O|  |TS  9|AC  0|TAMS 0x0000000090300000, 0x0000000090300000|
| 158|0x0000000090400000, 0x0000000090500000, 0x0000000090500000|100%| O|  |TS  9|AC  0|TAMS 0x0000000090400000, 0x0000000090400000|
| 159|0x0000000090500000, 0x0000000090600000, 0x0000000090600000|100%| O|  |TS  9|AC  0|TAMS 0x0000000090500000, 0x0000000090500000|
| 160|0x0000000090600000, 0x0000000090700000, 0x0000000090700000|100%| O|  |TS  9|AC  0|TAMS 0x0000000090600000, 0x0000000090600000|
| 161|0x0000000090700000, 0x0000000090800000, 0x0000000090800000|100%| O|  |TS  9|AC  0|TAMS 0x0000000090700000, 0x0000000090700000|
| 162|0x0000000090800000, 0x0000000090900000, 0x0000000090900000|100%| O|  |TS  9|AC  0|TAMS 0x0000000090800000, 0x0000000090800000|
| 163|0x0000000090900000, 0x0000000090a00000, 0x0000000090a00000|100%| O|  |TS  9|AC  0|TAMS 0x0000000090900000, 0x0000000090900000|
| 164|0x0000000090a00000, 0x0000000090b00000, 0x0000000090b00000|100%| O|  |TS  9|AC  0|TAMS 0x0000000090a00000, 0x0000000090a00000|
| 165|0x0000000090b00000, 0x0000000090c00000, 0x0000000090c00000|100%| O|  |TS  9|AC  0|TAMS 0x0000000090b00000, 0x0000000090b00000|
| 166|0x0000000090c00000, 0x0000000090d00000, 0x0000000090d00000|100%| O|  |TS  9|AC  0|TAMS 0x0000000090c00000, 0x0000000090c00000|
| 167|0x0000000090d00000, 0x0000000090e00000, 0x0000000090e00000|100%| O|  |TS  9|AC  0|TAMS 0x0000000090d00000, 0x0000000090d00000|
| 168|0x0000000090e00000, 0x0000000090f00000, 0x0000000090f00000|100%| O|  |TS  9|AC  0|TAMS 0x0000000090e00000, 0x0000000090e00000|
| 169|0x0000000090f00000, 0x0000000091000000, 0x0000000091000000|100%| O|  |TS  9|AC  0|TAMS 0x0000000090f00000, 0x0000000090f00000|
| 170|0x0000000091000000, 0x0000000091100000, 0x0000000091100000|100%| O|  |TS  9|AC  0|TAMS 0x0000000091000000, 0x0000000091000000|
| 171|0x0000000091100000, 0x0000000091200000, 0x0000000091200000|100%| O|  |TS  9|AC  0|TAMS 0x0000000091100000, 0x0000000091100000|
| 172|0x0000000091200000, 0x0000000091300000, 0x0000000091300000|100%| O|  |TS  9|AC  0|TAMS 0x0000000091200000, 0x0000000091200000|
| 173|0x0000000091300000, 0x0000000091400000, 0x0000000091400000|100%| O|  |TS  9|AC  0|TAMS 0x0000000091300000, 0x0000000091300000|
| 174|0x0000000091400000, 0x0000000091500000, 0x0000000091500000|100%| O|  |TS  9|AC  0|TAMS 0x0000000091400000, 0x0000000091400000|
| 175|0x0000000091500000, 0x0000000091600000, 0x0000000091600000|100%| O|  |TS  9|AC  0|TAMS 0x0000000091500000, 0x0000000091500000|
| 176|0x0000000091600000, 0x0000000091700000, 0x0000000091700000|100%| O|  |TS  9|AC  0|TAMS 0x0000000091600000, 0x0000000091600000|
| 177|0x0000000091700000, 0x0000000091800000, 0x0000000091800000|100%| O|  |TS  9|AC  0|TAMS 0x0000000091700000, 0x0000000091700000|
| 178|0x0000000091800000, 0x0000000091900000, 0x0000000091900000|100%| O|  |TS  9|AC  0|TAMS 0x0000000091800000, 0x0000000091800000|
| 179|0x0000000091900000, 0x0000000091a00000, 0x0000000091a00000|100%| O|  |TS  9|AC  0|TAMS 0x0000000091900000, 0x0000000091900000|
| 180|0x0000000091a00000, 0x0000000091b00000, 0x0000000091b00000|100%| O|  |TS  9|AC  0|TAMS 0x0000000091a00000, 0x0000000091a00000|
| 181|0x0000000091b00000, 0x0000000091c00000, 0x0000000091c00000|100%| O|  |TS  9|AC  0|TAMS 0x0000000091b00000, 0x0000000091b00000|
| 182|0x0000000091c00000, 0x0000000091d00000, 0x0000000091d00000|100%| O|  |TS  9|AC  0|TAMS 0x0000000091c00000, 0x0000000091c00000|
| 183|0x0000000091d00000, 0x0000000091d00000, 0x0000000091e00000|  0%| F|  |TS  5|AC  0|TAMS 0x0000000091d00000, 0x0000000091d00000|
| 184|0x0000000091e00000, 0x0000000091e00000, 0x0000000091f00000|  0%| F|  |TS  5|AC  0|TAMS 0x0000000091e00000, 0x0000000091e00000|
| 185|0x0000000091f00000, 0x0000000091f00000, 0x0000000092000000|  0%| F|  |TS  5|AC  0|TAMS 0x0000000091f00000, 0x0000000091f00000|
| 186|0x0000000092000000, 0x0000000092000000, 0x0000000092100000|  0%| F|  |TS  5|AC  0|TAMS 0x0000000092000000, 0x0000000092000000|
| 187|0x0000000092100000, 0x0000000092100000, 0x0000000092200000|  0%| F|  |TS  5|AC  0|TAMS 0x0000000092100000, 0x0000000092100000|
| 188|0x0000000092200000, 0x0000000092200000, 0x0000000092300000|  0%| F|  |TS  5|AC  0|TAMS 0x0000000092200000, 0x0000000092200000|
| 189|0x0000000092300000, 0x0000000092300000, 0x0000000092400000|  0%| F|  |TS  5|AC  0|TAMS 0x0000000092300000, 0x0000000092300000|
| 190|0x0000000092400000, 0x0000000092400000, 0x0000000092500000|  0%| F|  |TS  5|AC  0|TAMS 0x0000000092400000, 0x0000000092400000|
| 191|0x0000000092500000, 0x0000000092500000, 0x0000000092600000|  0%| F|  |TS  5|AC  0|TAMS 0x0000000092500000, 0x0000000092500000|
| 192|0x0000000092600000, 0x0000000092600000, 0x0000000092700000|  0%| F|  |TS  5|AC  0|TAMS 0x0000000092600000, 0x0000000092600000|
| 193|0x0000000092700000, 0x0000000092700000, 0x0000000092800000|  0%| F|  |TS  5|AC  0|TAMS 0x0000000092700000, 0x0000000092700000|
| 194|0x0000000092800000, 0x0000000092800000, 0x0000000092900000|  0%| F|  |TS  5|AC  0|TAMS 0x0000000092800000, 0x0000000092800000|
| 195|0x0000000092900000, 0x0000000092900000, 0x0000000092a00000|  0%| F|  |TS  5|AC  0|TAMS 0x0000000092900000, 0x0000000092900000|
| 196|0x0000000092a00000, 0x0000000092a00000, 0x0000000092b00000|  0%| F|  |TS  5|AC  0|TAMS 0x0000000092a00000, 0x0000000092a00000|
| 197|0x0000000092b00000, 0x0000000092b00000, 0x0000000092c00000|  0%| F|  |TS  5|AC  0|TAMS 0x0000000092b00000, 0x0000000092b00000|
| 198|0x0000000092c00000, 0x0000000092c00000, 0x0000000092d00000|  0%| F|  |TS  5|AC  0|TAMS 0x0000000092c00000, 0x0000000092c00000|
| 199|0x0000000092d00000, 0x0000000092d00000, 0x0000000092e00000|  0%| F|  |TS  5|AC  0|TAMS 0x0000000092d00000, 0x0000000092d00000|
| 200|0x0000000092e00000, 0x0000000092e00000, 0x0000000092f00000|  0%| F|  |TS  5|AC  0|TAMS 0x0000000092e00000, 0x0000000092e00000|
| 201|0x0000000092f00000, 0x0000000092f00000, 0x0000000093000000|  0%| F|  |TS  5|AC  0|TAMS 0x0000000092f00000, 0x0000000092f00000|
| 202|0x0000000093000000, 0x0000000093000000, 0x0000000093100000|  0%| F|  |TS  5|AC  0|TAMS 0x0000000093000000, 0x0000000093000000|
| 203|0x0000000093100000, 0x0000000093100000, 0x0000000093200000|  0%| F|  |TS  5|AC  0|TAMS 0x0000000093100000, 0x0000000093100000|
| 204|0x0000000093200000, 0x0000000093200000, 0x0000000093300000|  0%| F|  |TS  5|AC  0|TAMS 0x0000000093200000, 0x0000000093200000|
| 205|0x0000000093300000, 0x0000000093300000, 0x0000000093400000|  0%| F|  |TS  5|AC  0|TAMS 0x0000000093300000, 0x0000000093300000|
| 206|0x0000000093400000, 0x0000000093400000, 0x0000000093500000|  0%| F|  |TS  5|AC  0|TAMS 0x0000000093400000, 0x0000000093400000|
| 207|0x0000000093500000, 0x0000000093500000, 0x0000000093600000|  0%| F|  |TS  5|AC  0|TAMS 0x0000000093500000, 0x0000000093500000|
| 208|0x0000000093600000, 0x0000000093600000, 0x0000000093700000|  0%| F|  |TS  5|AC  0|TAMS 0x0000000093600000, 0x0000000093600000|
| 209|0x0000000093700000, 0x0000000093700000, 0x0000000093800000|  0%| F|  |TS  5|AC  0|TAMS 0x0000000093700000, 0x0000000093700000|
| 210|0x0000000093800000, 0x0000000093800000, 0x0000000093900000|  0%| F|  |TS  5|AC  0|TAMS 0x0000000093800000, 0x0000000093800000|
| 211|0x0000000093900000, 0x0000000093900000, 0x0000000093a00000|  0%| F|  |TS  5|AC  0|TAMS 0x0000000093900000, 0x0000000093900000|
| 212|0x0000000093a00000, 0x0000000093a00000, 0x0000000093b00000|  0%| F|  |TS  5|AC  0|TAMS 0x0000000093a00000, 0x0000000093a00000|
| 213|0x0000000093b00000, 0x0000000093b00000, 0x0000000093c00000|  0%| F|  |TS  5|AC  0|TAMS 0x0000000093b00000, 0x0000000093b00000|
| 214|0x0000000093c00000, 0x0000000093c00000, 0x0000000093d00000|  0%| F|  |TS  5|AC  0|TAMS 0x0000000093c00000, 0x0000000093c00000|
| 215|0x0000000093d00000, 0x0000000093d00000, 0x0000000093e00000|  0%| F|  |TS  5|AC  0|TAMS 0x0000000093d00000, 0x0000000093d00000|
| 216|0x0000000093e00000, 0x0000000093e00000, 0x0000000093f00000|  0%| F|  |TS  5|AC  0|TAMS 0x0000000093e00000, 0x0000000093e00000|
| 217|0x0000000093f00000, 0x0000000093f00000, 0x0000000094000000|  0%| F|  |TS  5|AC  0|TAMS 0x0000000093f00000, 0x0000000093f00000|
| 218|0x0000000094000000, 0x0000000094000000, 0x0000000094100000|  0%| F|  |TS  5|AC  0|TAMS 0x0000000094000000, 0x0000000094000000|
| 219|0x0000000094100000, 0x0000000094100000, 0x0000000094200000|  0%| F|  |TS  5|AC  0|TAMS 0x0000000094100000, 0x0000000094100000|
| 220|0x0000000094200000, 0x0000000094200000, 0x0000000094300000|  0%| F|  |TS  5|AC  0|TAMS 0x0000000094200000, 0x0000000094200000|
| 221|0x0000000094300000, 0x0000000094300000, 0x0000000094400000|  0%| F|  |TS  5|AC  0|TAMS 0x0000000094300000, 0x0000000094300000|
| 222|0x0000000094400000, 0x0000000094400000, 0x0000000094500000|  0%| F|  |TS  5|AC  0|TAMS 0x0000000094400000, 0x0000000094400000|
| 223|0x0000000094500000, 0x0000000094500000, 0x0000000094600000|  0%| F|  |TS  5|AC  0|TAMS 0x0000000094500000, 0x0000000094500000|
| 224|0x0000000094600000, 0x0000000094600000, 0x0000000094700000|  0%| F|  |TS  5|AC  0|TAMS 0x0000000094600000, 0x0000000094600000|
| 225|0x0000000094700000, 0x0000000094700000, 0x0000000094800000|  0%| F|  |TS  5|AC  0|TAMS 0x0000000094700000, 0x0000000094700000|
| 226|0x0000000094800000, 0x0000000094800000, 0x0000000094900000|  0%| F|  |TS  5|AC  0|TAMS 0x0000000094800000, 0x0000000094800000|
| 227|0x0000000094900000, 0x0000000094900000, 0x0000000094a00000|  0%| F|  |TS  5|AC  0|TAMS 0x0000000094900000, 0x0000000094900000|
| 228|0x0000000094a00000, 0x0000000094a00000, 0x0000000094b00000|  0%| F|  |TS  5|AC  0|TAMS 0x0000000094a00000, 0x0000000094a00000|
| 229|0x0000000094b00000, 0x0000000094b00000, 0x0000000094c00000|  0%| F|  |TS  5|AC  0|TAMS 0x0000000094b00000, 0x0000000094b00000|
| 230|0x0000000094c00000, 0x0000000094c00000, 0x0000000094d00000|  0%| F|  |TS  5|AC  0|TAMS 0x0000000094c00000, 0x0000000094c00000|
| 231|0x0000000094d00000, 0x0000000094d00000, 0x0000000094e00000|  0%| F|  |TS  5|AC  0|TAMS 0x0000000094d00000, 0x0000000094d00000|
| 232|0x0000000094e00000, 0x0000000094e00000, 0x0000000094f00000|  0%| F|  |TS  5|AC  0|TAMS 0x0000000094e00000, 0x0000000094e00000|
| 233|0x0000000094f00000, 0x0000000094f00000, 0x0000000095000000|  0%| F|  |TS  5|AC  0|TAMS 0x0000000094f00000, 0x0000000094f00000|
| 234|0x0000000095000000, 0x0000000095000000, 0x0000000095100000|  0%| F|  |TS  5|AC  0|TAMS 0x0000000095000000, 0x0000000095000000|
| 235|0x0000000095100000, 0x0000000095100000, 0x0000000095200000|  0%| F|  |TS  5|AC  0|TAMS 0x0000000095100000, 0x0000000095100000|
| 236|0x0000000095200000, 0x0000000095200000, 0x0000000095300000|  0%| F|  |TS  5|AC  0|TAMS 0x0000000095200000, 0x0000000095200000|
| 237|0x0000000095300000, 0x0000000095300000, 0x0000000095400000|  0%| F|  |TS  5|AC  0|TAMS 0x0000000095300000, 0x0000000095300000|
| 238|0x0000000095400000, 0x0000000095400000, 0x0000000095500000|  0%| F|  |TS  5|AC  0|TAMS 0x0000000095400000, 0x0000000095400000|
| 239|0x0000000095500000, 0x0000000095500000, 0x0000000095600000|  0%| F|  |TS  5|AC  0|TAMS 0x0000000095500000, 0x0000000095500000|
| 240|0x0000000095600000, 0x0000000095600000, 0x0000000095700000|  0%| F|  |TS  5|AC  0|TAMS 0x0000000095600000, 0x0000000095600000|
| 241|0x0000000095700000, 0x0000000095700000, 0x0000000095800000|  0%| F|  |TS  5|AC  0|TAMS 0x0000000095700000, 0x0000000095700000|
| 242|0x0000000095800000, 0x0000000095800000, 0x0000000095900000|  0%| F|  |TS  5|AC  0|TAMS 0x0000000095800000, 0x0000000095800000|
| 243|0x0000000095900000, 0x0000000095900000, 0x0000000095a00000|  0%| F|  |TS  5|AC  0|TAMS 0x0000000095900000, 0x0000000095900000|
| 244|0x0000000095a00000, 0x0000000095a00000, 0x0000000095b00000|  0%| F|  |TS  5|AC  0|TAMS 0x0000000095a00000, 0x0000000095a00000|
| 245|0x0000000095b00000, 0x0000000095b00000, 0x0000000095c00000|  0%| F|  |TS  5|AC  0|TAMS 0x0000000095b00000, 0x0000000095b00000|
| 246|0x0000000095c00000, 0x0000000095c00000, 0x0000000095d00000|  0%| F|  |TS  5|AC  0|TAMS 0x0000000095c00000, 0x0000000095c00000|
| 247|0x0000000095d00000, 0x0000000095d00000, 0x0000000095e00000|  0%| F|  |TS  5|AC  0|TAMS 0x0000000095d00000, 0x0000000095d00000|
| 248|0x0000000095e00000, 0x0000000095e00000, 0x0000000095f00000|  0%| F|  |TS  5|AC  0|TAMS 0x0000000095e00000, 0x0000000095e00000|
| 249|0x0000000095f00000, 0x0000000095f00000, 0x0000000096000000|  0%| F|  |TS  5|AC  0|TAMS 0x0000000095f00000, 0x0000000095f00000|
| 250|0x0000000096000000, 0x0000000096000000, 0x0000000096100000|  0%| F|  |TS  5|AC  0|TAMS 0x0000000096000000, 0x0000000096000000|
| 251|0x0000000096100000, 0x0000000096100000, 0x0000000096200000|  0%| F|  |TS  5|AC  0|TAMS 0x0000000096100000, 0x0000000096100000|
| 252|0x0000000096200000, 0x0000000096200000, 0x0000000096300000|  0%| F|  |TS  5|AC  0|TAMS 0x0000000096200000, 0x0000000096200000|
| 253|0x0000000096300000, 0x0000000096300000, 0x0000000096400000|  0%| F|  |TS  5|AC  0|TAMS 0x0000000096300000, 0x0000000096300000|
| 254|0x0000000096400000, 0x0000000096400000, 0x0000000096500000|  0%| F|  |TS  5|AC  0|TAMS 0x0000000096400000, 0x0000000096400000|
| 255|0x0000000096500000, 0x0000000096500000, 0x0000000096600000|  0%| F|  |TS  5|AC  0|TAMS 0x0000000096500000, 0x0000000096500000|
| 256|0x0000000096600000, 0x0000000096600000, 0x0000000096700000|  0%| F|  |TS  5|AC  0|TAMS 0x0000000096600000, 0x0000000096600000|
| 257|0x0000000096700000, 0x0000000096700000, 0x0000000096800000|  0%| F|  |TS  5|AC  0|TAMS 0x0000000096700000, 0x0000000096700000|
| 258|0x0000000096800000, 0x0000000096800000, 0x0000000096900000|  0%| F|  |TS  5|AC  0|TAMS 0x0000000096800000, 0x0000000096800000|
| 259|0x0000000096900000, 0x0000000096900000, 0x0000000096a00000|  0%| F|  |TS  5|AC  0|TAMS 0x0000000096900000, 0x0000000096900000|
| 260|0x0000000096a00000, 0x0000000096a00000, 0x0000000096b00000|  0%| F|  |TS  5|AC  0|TAMS 0x0000000096a00000, 0x0000000096a00000|
| 261|0x0000000096b00000, 0x0000000096b00000, 0x0000000096c00000|  0%| F|  |TS  5|AC  0|TAMS 0x0000000096b00000, 0x0000000096b00000|
| 262|0x0000000096c00000, 0x0000000096c00000, 0x0000000096d00000|  0%| F|  |TS  5|AC  0|TAMS 0x0000000096c00000, 0x0000000096c00000|
| 263|0x0000000096d00000, 0x0000000096d00000, 0x0000000096e00000|  0%| F|  |TS  5|AC  0|TAMS 0x0000000096d00000, 0x0000000096d00000|
| 264|0x0000000096e00000, 0x0000000096e00000, 0x0000000096f00000|  0%| F|  |TS  5|AC  0|TAMS 0x0000000096e00000, 0x0000000096e00000|
| 265|0x0000000096f00000, 0x0000000096f00000, 0x0000000097000000|  0%| F|  |TS  5|AC  0|TAMS 0x0000000096f00000, 0x0000000096f00000|
| 266|0x0000000097000000, 0x0000000097000000, 0x0000000097100000|  0%| F|  |TS  5|AC  0|TAMS 0x0000000097000000, 0x0000000097000000|
| 267|0x0000000097100000, 0x0000000097100000, 0x0000000097200000|  0%| F|  |TS  5|AC  0|TAMS 0x0000000097100000, 0x0000000097100000|
| 268|0x0000000097200000, 0x0000000097200000, 0x0000000097300000|  0%| F|  |TS  5|AC  0|TAMS 0x0000000097200000, 0x0000000097200000|
| 269|0x0000000097300000, 0x0000000097300000, 0x0000000097400000|  0%| F|  |TS  5|AC  0|TAMS 0x0000000097300000, 0x0000000097300000|
| 270|0x0000000097400000, 0x0000000097400000, 0x0000000097500000|  0%| F|  |TS  5|AC  0|TAMS 0x0000000097400000, 0x0000000097400000|
| 271|0x0000000097500000, 0x0000000097500000, 0x0000000097600000|  0%| F|  |TS  5|AC  0|TAMS 0x0000000097500000, 0x0000000097500000|
| 272|0x0000000097600000, 0x0000000097600000, 0x0000000097700000|  0%| F|  |TS  5|AC  0|TAMS 0x0000000097600000, 0x0000000097600000|
| 273|0x0000000097700000, 0x0000000097700000, 0x0000000097800000|  0%| F|  |TS  5|AC  0|TAMS 0x0000000097700000, 0x0000000097700000|
| 274|0x0000000097800000, 0x0000000097800000, 0x0000000097900000|  0%| F|  |TS  5|AC  0|TAMS 0x0000000097800000, 0x0000000097800000|
| 275|0x0000000097900000, 0x0000000097900000, 0x0000000097a00000|  0%| F|  |TS  5|AC  0|TAMS 0x0000000097900000, 0x0000000097900000|
| 276|0x0000000097a00000, 0x0000000097a00000, 0x0000000097b00000|  0%| F|  |TS  5|AC  0|TAMS 0x0000000097a00000, 0x0000000097a00000|
| 277|0x0000000097b00000, 0x0000000097b00000, 0x0000000097c00000|  0%| F|  |TS  5|AC  0|TAMS 0x0000000097b00000, 0x0000000097b00000|
| 278|0x0000000097c00000, 0x0000000097c00000, 0x0000000097d00000|  0%| F|  |TS  5|AC  0|TAMS 0x0000000097c00000, 0x0000000097c00000|
| 279|0x0000000097d00000, 0x0000000097d00000, 0x0000000097e00000|  0%| F|  |TS  5|AC  0|TAMS 0x0000000097d00000, 0x0000000097d00000|
| 280|0x0000000097e00000, 0x0000000097e00000, 0x0000000097f00000|  0%| F|  |TS  5|AC  0|TAMS 0x0000000097e00000, 0x0000000097e00000|
| 281|0x0000000097f00000, 0x0000000097f00000, 0x0000000098000000|  0%| F|  |TS  5|AC  0|TAMS 0x0000000097f00000, 0x0000000097f00000|
| 282|0x0000000098000000, 0x0000000098000000, 0x0000000098100000|  0%| F|  |TS  5|AC  0|TAMS 0x0000000098000000, 0x0000000098000000|
| 283|0x0000000098100000, 0x0000000098100000, 0x0000000098200000|  0%| F|  |TS  5|AC  0|TAMS 0x0000000098100000, 0x0000000098100000|
| 284|0x0000000098200000, 0x0000000098200000, 0x0000000098300000|  0%| F|  |TS  5|AC  0|TAMS 0x0000000098200000, 0x0000000098200000|
| 285|0x0000000098300000, 0x0000000098300000, 0x0000000098400000|  0%| F|  |TS  5|AC  0|TAMS 0x0000000098300000, 0x0000000098300000|
| 286|0x0000000098400000, 0x0000000098400000, 0x0000000098500000|  0%| F|  |TS  5|AC  0|TAMS 0x0000000098400000, 0x0000000098400000|
| 287|0x0000000098500000, 0x0000000098500000, 0x0000000098600000|  0%| F|  |TS  5|AC  0|TAMS 0x0000000098500000, 0x0000000098500000|
| 288|0x0000000098600000, 0x0000000098600000, 0x0000000098700000|  0%| F|  |TS  5|AC  0|TAMS 0x0000000098600000, 0x0000000098600000|
| 289|0x0000000098700000, 0x0000000098700000, 0x0000000098800000|  0%| F|  |TS  5|AC  0|TAMS 0x0000000098700000, 0x0000000098700000|
| 290|0x0000000098800000, 0x0000000098800000, 0x0000000098900000|  0%| F|  |TS  5|AC  0|TAMS 0x0000000098800000, 0x0000000098800000|
| 291|0x0000000098900000, 0x0000000098900000, 0x0000000098a00000|  0%| F|  |TS  5|AC  0|TAMS 0x0000000098900000, 0x0000000098900000|
| 292|0x0000000098a00000, 0x0000000098a00000, 0x0000000098b00000|  0%| F|  |TS  5|AC  0|TAMS 0x0000000098a00000, 0x0000000098a00000|
| 293|0x0000000098b00000, 0x0000000098b00000, 0x0000000098c00000|  0%| F|  |TS  5|AC  0|TAMS 0x0000000098b00000, 0x0000000098b00000|
| 294|0x0000000098c00000, 0x0000000098c00000, 0x0000000098d00000|  0%| F|  |TS  5|AC  0|TAMS 0x0000000098c00000, 0x0000000098c00000|
| 295|0x0000000098d00000, 0x0000000098d00000, 0x0000000098e00000|  0%| F|  |TS  5|AC  0|TAMS 0x0000000098d00000, 0x0000000098d00000|
| 296|0x0000000098e00000, 0x0000000098e00000, 0x0000000098f00000|  0%| F|  |TS  5|AC  0|TAMS 0x0000000098e00000, 0x0000000098e00000|
| 297|0x0000000098f00000, 0x0000000098f00000, 0x0000000099000000|  0%| F|  |TS  5|AC  0|TAMS 0x0000000098f00000, 0x0000000098f00000|
| 298|0x0000000099000000, 0x0000000099000000, 0x0000000099100000|  0%| F|  |TS  5|AC  0|TAMS 0x0000000099000000, 0x0000000099000000|
| 299|0x0000000099100000, 0x0000000099100000, 0x0000000099200000|  0%| F|  |TS  5|AC  0|TAMS 0x0000000099100000, 0x0000000099100000|
| 300|0x0000000099200000, 0x0000000099200000, 0x0000000099300000|  0%| F|  |TS  5|AC  0|TAMS 0x0000000099200000, 0x0000000099200000|
| 301|0x0000000099300000, 0x0000000099300000, 0x0000000099400000|  0%| F|  |TS  5|AC  0|TAMS 0x0000000099300000, 0x0000000099300000|
| 302|0x0000000099400000, 0x0000000099400000, 0x0000000099500000|  0%| F|  |TS  5|AC  0|TAMS 0x0000000099400000, 0x0000000099400000|
| 303|0x0000000099500000, 0x0000000099500000, 0x0000000099600000|  0%| F|  |TS  5|AC  0|TAMS 0x0000000099500000, 0x0000000099500000|
| 304|0x0000000099600000, 0x0000000099600000, 0x0000000099700000|  0%| F|  |TS  5|AC  0|TAMS 0x0000000099600000, 0x0000000099600000|
| 305|0x0000000099700000, 0x0000000099700000, 0x0000000099800000|  0%| F|  |TS  5|AC  0|TAMS 0x0000000099700000, 0x0000000099700000|
| 306|0x0000000099800000, 0x0000000099800000, 0x0000000099900000|  0%| F|  |TS  5|AC  0|TAMS 0x0000000099800000, 0x0000000099800000|
| 307|0x0000000099900000, 0x0000000099900000, 0x0000000099a00000|  0%| F|  |TS  5|AC  0|TAMS 0x0000000099900000, 0x0000000099900000|
| 308|0x0000000099a00000, 0x0000000099a00000, 0x0000000099b00000|  0%| F|  |TS  5|AC  0|TAMS 0x0000000099a00000, 0x0000000099a00000|
| 309|0x0000000099b00000, 0x0000000099b00000, 0x0000000099c00000|  0%| F|  |TS  5|AC  0|TAMS 0x0000000099b00000, 0x0000000099b00000|
| 310|0x0000000099c00000, 0x0000000099c00000, 0x0000000099d00000|  0%| F|  |TS  5|AC  0|TAMS 0x0000000099c00000, 0x0000000099c00000|
| 311|0x0000000099d00000, 0x0000000099d00000, 0x0000000099e00000|  0%| F|  |TS  5|AC  0|TAMS 0x0000000099d00000, 0x0000000099d00000|
| 312|0x0000000099e00000, 0x0000000099e00000, 0x0000000099f00000|  0%| F|  |TS  5|AC  0|TAMS 0x0000000099e00000, 0x0000000099e00000|
| 313|0x0000000099f00000, 0x0000000099f00000, 0x000000009a000000|  0%| F|  |TS  5|AC  0|TAMS 0x0000000099f00000, 0x0000000099f00000|
| 314|0x000000009a000000, 0x000000009a000000, 0x000000009a100000|  0%| F|  |TS  5|AC  0|TAMS 0x000000009a000000, 0x000000009a000000|
| 315|0x000000009a100000, 0x000000009a100000, 0x000000009a200000|  0%| F|  |TS  5|AC  0|TAMS 0x000000009a100000, 0x000000009a100000|
| 316|0x000000009a200000, 0x000000009a200000, 0x000000009a300000|  0%| F|  |TS  5|AC  0|TAMS 0x000000009a200000, 0x000000009a200000|
| 317|0x000000009a300000, 0x000000009a300000, 0x000000009a400000|  0%| F|  |TS  5|AC  0|TAMS 0x000000009a300000, 0x000000009a300000|
| 318|0x000000009a400000, 0x000000009a400000, 0x000000009a500000|  0%| F|  |TS  5|AC  0|TAMS 0x000000009a400000, 0x000000009a400000|
| 319|0x000000009a500000, 0x000000009a500000, 0x000000009a600000|  0%| F|  |TS  5|AC  0|TAMS 0x000000009a500000, 0x000000009a500000|
| 320|0x000000009a600000, 0x000000009a600000, 0x000000009a700000|  0%| F|  |TS  5|AC  0|TAMS 0x000000009a600000, 0x000000009a600000|
| 321|0x000000009a700000, 0x000000009a700000, 0x000000009a800000|  0%| F|  |TS  5|AC  0|TAMS 0x000000009a700000, 0x000000009a700000|
| 322|0x000000009a800000, 0x000000009a800000, 0x000000009a900000|  0%| F|  |TS  5|AC  0|TAMS 0x000000009a800000, 0x000000009a800000|
| 323|0x000000009a900000, 0x000000009a900000, 0x000000009aa00000|  0%| F|  |TS  5|AC  0|TAMS 0x000000009a900000, 0x000000009a900000|
| 324|0x000000009aa00000, 0x000000009aa00000, 0x000000009ab00000|  0%| F|  |TS  5|AC  0|TAMS 0x000000009aa00000, 0x000000009aa00000|
| 325|0x000000009ab00000, 0x000000009ab00000, 0x000000009ac00000|  0%| F|  |TS  5|AC  0|TAMS 0x000000009ab00000, 0x000000009ab00000|
| 326|0x000000009ac00000, 0x000000009ac00000, 0x000000009ad00000|  0%| F|  |TS  5|AC  0|TAMS 0x000000009ac00000, 0x000000009ac00000|
| 327|0x000000009ad00000, 0x000000009ad00000, 0x000000009ae00000|  0%| F|  |TS  5|AC  0|TAMS 0x000000009ad00000, 0x000000009ad00000|
| 328|0x000000009ae00000, 0x000000009af00000, 0x000000009af00000|100%| S|CS|TS  9|AC  0|TAMS 0x000000009ae00000, 0x000000009ae00000|
| 329|0x000000009af00000, 0x000000009b000000, 0x000000009b000000|100%| S|CS|TS  9|AC  0|TAMS 0x000000009af00000, 0x000000009af00000|
| 330|0x000000009b000000, 0x000000009b100000, 0x000000009b100000|100%| S|CS|TS  9|AC  0|TAMS 0x000000009b000000, 0x000000009b000000|
| 331|0x000000009b100000, 0x000000009b200000, 0x000000009b200000|100%| S|CS|TS  9|AC  0|TAMS 0x000000009b100000, 0x000000009b100000|
| 332|0x000000009b200000, 0x000000009b300000, 0x000000009b300000|100%| S|CS|TS  9|AC  0|TAMS 0x000000009b200000, 0x000000009b200000|
| 333|0x000000009b300000, 0x000000009b300000, 0x000000009b400000|  0%| F|  |TS  9|AC  0|TAMS 0x000000009b300000, 0x000000009b300000|
| 334|0x000000009b400000, 0x000000009b400000, 0x000000009b500000|  0%| F|  |TS  9|AC  0|TAMS 0x000000009b400000, 0x000000009b400000|
| 335|0x000000009b500000, 0x000000009b500000, 0x000000009b600000|  0%| F|  |TS  9|AC  0|TAMS 0x000000009b500000, 0x000000009b500000|
| 336|0x000000009b600000, 0x000000009b600000, 0x000000009b700000|  0%| F|  |TS  9|AC  0|TAMS 0x000000009b600000, 0x000000009b600000|
| 337|0x000000009b700000, 0x000000009b700000, 0x000000009b800000|  0%| F|  |TS  9|AC  0|TAMS 0x000000009b700000, 0x000000009b700000|
| 338|0x000000009b800000, 0x000000009b800000, 0x000000009b900000|  0%| F|  |TS  9|AC  0|TAMS 0x000000009b800000, 0x000000009b800000|
| 339|0x000000009b900000, 0x000000009b900000, 0x000000009ba00000|  0%| F|  |TS  9|AC  0|TAMS 0x000000009b900000, 0x000000009b900000|
| 340|0x000000009ba00000, 0x000000009ba00000, 0x000000009bb00000|  0%| F|  |TS  9|AC  0|TAMS 0x000000009ba00000, 0x000000009ba00000|
| 341|0x000000009bb00000, 0x000000009bb00000, 0x000000009bc00000|  0%| F|  |TS  9|AC  0|TAMS 0x000000009bb00000, 0x000000009bb00000|
| 342|0x000000009bc00000, 0x000000009bc00000, 0x000000009bd00000|  0%| F|  |TS  9|AC  0|TAMS 0x000000009bc00000, 0x000000009bc00000|
| 343|0x000000009bd00000, 0x000000009bd00000, 0x000000009be00000|  0%| F|  |TS  9|AC  0|TAMS 0x000000009bd00000, 0x000000009bd00000|
| 344|0x000000009be00000, 0x000000009be00000, 0x000000009bf00000|  0%| F|  |TS  9|AC  0|TAMS 0x000000009be00000, 0x000000009be00000|
| 345|0x000000009bf00000, 0x000000009bf00000, 0x000000009c000000|  0%| F|  |TS  9|AC  0|TAMS 0x000000009bf00000, 0x000000009bf00000|
| 346|0x000000009c000000, 0x000000009c000000, 0x000000009c100000|  0%| F|  |TS  9|AC  0|TAMS 0x000000009c000000, 0x000000009c000000|
| 347|0x000000009c100000, 0x000000009c100000, 0x000000009c200000|  0%| F|  |TS  9|AC  0|TAMS 0x000000009c100000, 0x000000009c100000|
| 348|0x000000009c200000, 0x000000009c200000, 0x000000009c300000|  0%| F|  |TS  9|AC  0|TAMS 0x000000009c200000, 0x000000009c200000|
| 349|0x000000009c300000, 0x000000009c300000, 0x000000009c400000|  0%| F|  |TS  9|AC  0|TAMS 0x000000009c300000, 0x000000009c300000|
| 350|0x000000009c400000, 0x000000009c400000, 0x000000009c500000|  0%| F|  |TS  9|AC  0|TAMS 0x000000009c400000, 0x000000009c400000|
| 351|0x000000009c500000, 0x000000009c500000, 0x000000009c600000|  0%| F|  |TS  9|AC  0|TAMS 0x000000009c500000, 0x000000009c500000|
| 352|0x000000009c600000, 0x000000009c600000, 0x000000009c700000|  0%| F|  |TS  9|AC  0|TAMS 0x000000009c600000, 0x000000009c600000|
| 353|0x000000009c700000, 0x000000009c700000, 0x000000009c800000|  0%| F|  |TS  9|AC  0|TAMS 0x000000009c700000, 0x000000009c700000|
| 354|0x000000009c800000, 0x000000009c800000, 0x000000009c900000|  0%| F|  |TS  9|AC  0|TAMS 0x000000009c800000, 0x000000009c800000|
| 355|0x000000009c900000, 0x000000009c900000, 0x000000009ca00000|  0%| F|  |TS  9|AC  0|TAMS 0x000000009c900000, 0x000000009c900000|
| 356|0x000000009ca00000, 0x000000009ca00000, 0x000000009cb00000|  0%| F|  |TS  9|AC  0|TAMS 0x000000009ca00000, 0x000000009ca00000|
| 357|0x000000009cb00000, 0x000000009cb00000, 0x000000009cc00000|  0%| F|  |TS  9|AC  0|TAMS 0x000000009cb00000, 0x000000009cb00000|
| 358|0x000000009cc00000, 0x000000009cc00000, 0x000000009cd00000|  0%| F|  |TS  9|AC  0|TAMS 0x000000009cc00000, 0x000000009cc00000|
| 359|0x000000009cd00000, 0x000000009cd00000, 0x000000009ce00000|  0%| F|  |TS  9|AC  0|TAMS 0x000000009cd00000, 0x000000009cd00000|
| 360|0x000000009ce00000, 0x000000009ce00000, 0x000000009cf00000|  0%| F|  |TS  9|AC  0|TAMS 0x000000009ce00000, 0x000000009ce00000|
| 361|0x000000009cf00000, 0x000000009cf00000, 0x000000009d000000|  0%| F|  |TS  9|AC  0|TAMS 0x000000009cf00000, 0x000000009cf00000|
| 362|0x000000009d000000, 0x000000009d000000, 0x000000009d100000|  0%| F|  |TS  9|AC  0|TAMS 0x000000009d000000, 0x000000009d000000|
| 363|0x000000009d100000, 0x000000009d100000, 0x000000009d200000|  0%| F|  |TS  9|AC  0|TAMS 0x000000009d100000, 0x000000009d100000|
| 364|0x000000009d200000, 0x000000009d200000, 0x000000009d300000|  0%| F|  |TS  9|AC  0|TAMS 0x000000009d200000, 0x000000009d200000|
| 365|0x000000009d300000, 0x000000009d300000, 0x000000009d400000|  0%| F|  |TS  9|AC  0|TAMS 0x000000009d300000, 0x000000009d300000|

Card table byte_map: [0x0000015119ae0000,0x0000015119eb0000] byte_map_base: 0x00000151196ad000

Marking Bits (Prev, Next): (CMBitMap*) 0x000001517fb88eb0, (CMBitMap*) 0x000001517fb88ee8
 Prev Bits: [0x000001511a280000, 0x000001511c0e8000)
 Next Bits: [0x000001511c0f0000, 0x000001511df58000)

Polling page: 0x000001517ebd0000

CodeHeap 'non-profiled nmethods': size=120064Kb used=100Kb max_used=100Kb free=119963Kb
 bounds [0x00000151125a0000, 0x0000015112810000, 0x0000015119ae0000]
CodeHeap 'profiled nmethods': size=120000Kb used=364Kb max_used=364Kb free=119635Kb
 bounds [0x000001510b070000, 0x000001510b2e0000, 0x00000151125a0000]
CodeHeap 'non-nmethods': size=5696Kb used=1009Kb max_used=1025Kb free=4686Kb
 bounds [0x000001510aae0000, 0x000001510ad50000, 0x000001510b070000]
 total_blobs=609 nmethods=224 adapters=186
 compilation: enabled

Compilation events (10 events):
Event: 1.422 Thread 0x0000015120469800  221       3       java.nio.Buffer::position (55 bytes)
Event: 1.423 Thread 0x0000015120469800 nmethod 221 0x000001510b0c6610 code [0x000001510b0c67e0, 0x000001510b0c6ab0]
Event: 1.423 Thread 0x0000015120450800  222       4       java.util.HashMap::put (13 bytes)
Event: 1.424 Thread 0x0000015120450800 nmethod 222 0x00000151125b8710 code [0x00000151125b88c0, 0x00000151125b89e8]
Event: 1.435 Thread 0x0000015120469800  223 %     3       br.com.fiap.fundamentos.listas.CollectionsTest::populate @ 10 (51 bytes)
Event: 1.436 Thread 0x0000015120469800 nmethod 223% 0x000001510b0c6b90 code [0x000001510b0c6f00, 0x000001510b0c8720]
Event: 1.437 Thread 0x0000015120469800  224       3       br.com.fiap.fundamentos.listas.CollectionsTest::populate (51 bytes)
Event: 1.438 Thread 0x0000015120469800 nmethod 224 0x000001510b0c8e90 code [0x000001510b0c9200, 0x000001510b0ca900]
Event: 1.441 Thread 0x000001512044b800  225 %     4       br.com.fiap.fundamentos.listas.CollectionsTest::populate @ 10 (51 bytes)
Event: 1.447 Thread 0x000001512044b800 nmethod 225% 0x00000151125b8b10 code [0x00000151125b8ce0, 0x00000151125b90a8]

GC Heap History (10 events):
Event: 0.640 GC heap after
{Heap after GC invocations=4 (full 0):
 garbage-first heap   total 124928K, used 46349K [0x0000000086600000, 0x0000000100000000)
  region size 1024K, 1 young (1024K), 1 survivors (1024K)
 Metaspace       used 4553K, capacity 4582K, committed 4864K, reserved 1056768K
  class space    used 433K, capacity 458K, committed 512K, reserved 1048576K
}
Event: 0.657 GC heap before
{Heap before GC invocations=4 (full 0):
 garbage-first heap   total 124928K, used 60685K [0x0000000086600000, 0x0000000100000000)
  region size 1024K, 15 young (15360K), 1 survivors (1024K)
 Metaspace       used 4553K, capacity 4582K, committed 4864K, reserved 1056768K
  class space    used 433K, capacity 458K, committed 512K, reserved 1048576K
}
Event: 0.756 GC heap after
{Heap after GC invocations=5 (full 0):
 garbage-first heap   total 374784K, used 61420K [0x0000000086600000, 0x0000000100000000)
  region size 1024K, 2 young (2048K), 2 survivors (2048K)
 Metaspace       used 4553K, capacity 4582K, committed 4864K, reserved 1056768K
  class space    used 433K, capacity 458K, committed 512K, reserved 1048576K
}
Event: 0.832 GC heap before
{Heap before GC invocations=5 (full 0):
 garbage-first heap   total 374784K, used 82924K [0x0000000086600000, 0x0000000100000000)
  region size 1024K, 20 young (20480K), 2 survivors (2048K)
 Metaspace       used 4563K, capacity 4650K, committed 4864K, reserved 1056768K
  class space    used 433K, capacity 458K, committed 512K, reserved 1048576K
}
Event: 0.924 GC heap after
{Heap after GC invocations=6 (full 0):
 garbage-first heap   total 374784K, used 82432K [0x0000000086600000, 0x0000000100000000)
  region size 1024K, 3 young (3072K), 3 survivors (3072K)
 Metaspace       used 4563K, capacity 4650K, committed 4864K, reserved 1056768K
  class space    used 433K, capacity 458K, committed 512K, reserved 1048576K
}
Event: 1.112 GC heap before
{Heap before GC invocations=6 (full 0):
 garbage-first heap   total 374784K, used 113152K [0x0000000086600000, 0x0000000100000000)
  region size 1024K, 21 young (21504K), 3 survivors (3072K)
 Metaspace       used 4565K, capacity 4650K, committed 4864K, reserved 1056768K
  class space    used 433K, capacity 458K, committed 512K, reserved 1048576K
}
Event: 1.190 GC heap after
{Heap after GC invocations=7 (full 0):
 garbage-first heap   total 374784K, used 113664K [0x0000000086600000, 0x0000000100000000)
  region size 1024K, 3 young (3072K), 3 survivors (3072K)
 Metaspace       used 4565K, capacity 4650K, committed 4864K, reserved 1056768K
  class space    used 433K, capacity 458K, committed 512K, reserved 1048576K
}
Event: 1.247 GC heap before
{Heap before GC invocations=7 (full 0):
 garbage-first heap   total 374784K, used 146432K [0x0000000086600000, 0x0000000100000000)
  region size 1024K, 27 young (27648K), 3 survivors (3072K)
 Metaspace       used 4565K, capacity 4650K, committed 4864K, reserved 1056768K
  class space    used 433K, capacity 458K, committed 512K, reserved 1048576K
}
Event: 1.318 GC heap after
{Heap after GC invocations=8 (full 0):
 garbage-first heap   total 374784K, used 147456K [0x0000000086600000, 0x0000000100000000)
  region size 1024K, 4 young (4096K), 4 survivors (4096K)
 Metaspace       used 4565K, capacity 4650K, committed 4864K, reserved 1056768K
  class space    used 433K, capacity 458K, committed 512K, reserved 1048576K
}
Event: 1.456 GC heap before
{Heap before GC invocations=8 (full 0):
 garbage-first heap   total 374784K, used 192512K [0x0000000086600000, 0x0000000100000000)
  region size 1024K, 33 young (33792K), 4 survivors (4096K)
 Metaspace       used 4569K, capacity 4714K, committed 4864K, reserved 1056768K
  class space    used 433K, capacity 458K, committed 512K, reserved 1048576K
}

Deoptimization events (6 events):
Event: 0.197 Thread 0x000001517fafa000 Uncommon trap: reason=unstable_if action=reinterpret pc=0x00000151125a376c method=java.lang.String.hashCode()I @ 14 c2
Event: 0.527 Thread 0x000001517fafa000 Uncommon trap: reason=unstable_if action=reinterpret pc=0x00000151125aba90 method=br.com.fiap.fundamentos.listas.CollectionsTest.populate(Ljava/util/List;I)J @ 28 c2
Event: 0.795 Thread 0x000001517fafa000 Uncommon trap: reason=unstable_if action=reinterpret pc=0x00000151125aae5c method=java.lang.Integer.valueOf(I)Ljava/lang/Integer; @ 10 c2
Event: 0.987 Thread 0x000001517fafa000 Uncommon trap: reason=unstable_if action=reinterpret pc=0x00000151125b1cfc method=br.com.fiap.fundamentos.listas.CollectionsTest.populate(Ljava/util/Stack;I)J @ 26 c2
Event: 1.385 Thread 0x000001517fafa000 Uncommon trap: reason=unstable_if action=reinterpret pc=0x00000151125b55f8 method=br.com.fiap.fundamentos.listas.CollectionsTest.populate(Ljava/util/Set;I)J @ 28 c2
Event: 1.422 Thread 0x000001517fafa000 Uncommon trap: reason=unstable_if action=reinterpret pc=0x00000151125b833c method=br.com.fiap.fundamentos.listas.CollectionsTest.find(Ljava/util/Set;Ljava/lang/Integer;)J @ 36 c2

Classes redefined (0 events):
No events

Internal exceptions (0 events):
No events

Events (10 events):
Event: 1.385 Thread 0x000001517fafa000 DEOPT PACKING pc=0x00000151125b55f8 sp=0x00000010922ff620
Event: 1.385 Thread 0x000001517fafa000 DEOPT UNPACKING pc=0x000001510ab089af sp=0x00000010922ff5e8 mode 2
Event: 1.422 Thread 0x000001517fafa000 DEOPT PACKING pc=0x000001510b0c3dc1 sp=0x00000010922ff570
Event: 1.422 Thread 0x000001517fafa000 DEOPT UNPACKING pc=0x000001510ab087ce sp=0x00000010922fead8 mode 0
Event: 1.422 Thread 0x000001517fafa000 Uncommon trap: trap_request=0xffffff55 fr.pc=0x00000151125b833c relative=0x000000000000057c
Event: 1.422 Thread 0x000001517fafa000 DEOPT PACKING pc=0x00000151125b833c sp=0x00000010922ff620
Event: 1.422 Thread 0x000001517fafa000 DEOPT UNPACKING pc=0x000001510ab089af sp=0x00000010922ff5e0 mode 2
Event: 1.448 Thread 0x000001517fafa000 DEOPT PACKING pc=0x000001510b0c8298 sp=0x00000010922ff580
Event: 1.448 Thread 0x000001517fafa000 DEOPT UNPACKING pc=0x000001510ab087ce sp=0x00000010922fead8 mode 0
Event: 1.456 Executing VM operation: G1IncCollectionPause


Dynamic libraries:
0x00007ff64a6c0000 - 0x00007ff64a6fe000 	C:\Program Files\Java\jre-10.0.1\bin\javaw.exe
0x00007ff870890000 - 0x00007ff870a70000 	C:\WINDOWS\SYSTEM32\ntdll.dll
0x00007ff8707b0000 - 0x00007ff87085e000 	C:\WINDOWS\System32\KERNEL32.DLL
0x00007ff86cd60000 - 0x00007ff86cfc6000 	C:\WINDOWS\System32\KERNELBASE.dll
0x00007ff86f3e0000 - 0x00007ff86f481000 	C:\WINDOWS\System32\ADVAPI32.dll
0x00007ff8701f0000 - 0x00007ff87028d000 	C:\WINDOWS\System32\msvcrt.dll
0x00007ff86ffb0000 - 0x00007ff87000b000 	C:\WINDOWS\System32\sechost.dll
0x00007ff870290000 - 0x00007ff8703af000 	C:\WINDOWS\System32\RPCRT4.dll
0x00007ff86f970000 - 0x00007ff86faff000 	C:\WINDOWS\System32\USER32.dll
0x00007ff86d950000 - 0x00007ff86d970000 	C:\WINDOWS\System32\win32u.dll
0x00007ff870420000 - 0x00007ff870448000 	C:\WINDOWS\System32\GDI32.dll
0x00007ff86dac0000 - 0x00007ff86dc53000 	C:\WINDOWS\System32\gdi32full.dll
0x00007ff86d970000 - 0x00007ff86da0b000 	C:\WINDOWS\System32\msvcp_win.dll
0x00007ff86dc60000 - 0x00007ff86dd56000 	C:\WINDOWS\System32\ucrtbase.dll
0x00007ff85c6f0000 - 0x00007ff85c959000 	C:\WINDOWS\WinSxS\amd64_microsoft.windows.common-controls_6595b64144ccf1df_6.0.16299.248_none_15ced204935f55d7\COMCTL32.dll
0x00007ff86fb30000 - 0x00007ff86fe38000 	C:\WINDOWS\System32\combase.dll
0x00007ff85f5b0000 - 0x00007ff85f5ba000 	C:\WINDOWS\SYSTEM32\VERSION.dll
0x00007ff86cc90000 - 0x00007ff86cd02000 	C:\WINDOWS\System32\bcryptPrimitives.dll
0x00007ff86fb00000 - 0x00007ff86fb2d000 	C:\WINDOWS\System32\IMM32.DLL
0x00007ff83e900000 - 0x00007ff83e9ef000 	C:\Program Files\Java\jre-10.0.1\bin\msvcr120.dll
0x00007ff85a590000 - 0x00007ff85a636000 	C:\Program Files\Java\jre-10.0.1\bin\msvcp120.dll
0x000000006eca0000 - 0x000000006f710000 	C:\Program Files\Java\jre-10.0.1\bin\server\jvm.dll
0x00007ff870600000 - 0x00007ff870608000 	C:\WINDOWS\System32\PSAPI.DLL
0x00007ff8696b0000 - 0x00007ff8696d3000 	C:\WINDOWS\SYSTEM32\WINMM.dll
0x00007ff867280000 - 0x00007ff867289000 	C:\WINDOWS\SYSTEM32\WSOCK32.dll
0x00007ff8703b0000 - 0x00007ff87041c000 	C:\WINDOWS\System32\WS2_32.dll
0x00007ff868da0000 - 0x00007ff868dca000 	C:\WINDOWS\SYSTEM32\WINMMBASE.dll
0x00007ff86cd10000 - 0x00007ff86cd5a000 	C:\WINDOWS\System32\cfgmgr32.dll
0x00007ff867190000 - 0x00007ff86719f000 	C:\Program Files\Java\jre-10.0.1\bin\verify.dll
0x00007ff867e50000 - 0x00007ff868018000 	C:\WINDOWS\SYSTEM32\DBGHELP.DLL
0x00007ff85e320000 - 0x00007ff85e349000 	C:\WINDOWS\SYSTEM32\dbgcore.DLL
0x00007ff866f80000 - 0x00007ff866fa7000 	C:\Program Files\Java\jre-10.0.1\bin\java.dll
0x00007ff8669b0000 - 0x00007ff8669c6000 	C:\Program Files\Java\jre-10.0.1\bin\zip.dll
0x00007ff867180000 - 0x00007ff86718a000 	C:\Program Files\Java\jre-10.0.1\bin\jimage.dll
0x00007ff86dd60000 - 0x00007ff86f196000 	C:\WINDOWS\System32\SHELL32.dll
0x00007ff8700e0000 - 0x00007ff870186000 	C:\WINDOWS\System32\shcore.dll
0x00007ff86d200000 - 0x00007ff86d947000 	C:\WINDOWS\System32\windows.storage.dll
0x00007ff86f1a0000 - 0x00007ff86f1f1000 	C:\WINDOWS\System32\shlwapi.dll
0x00007ff86cc70000 - 0x00007ff86cc81000 	C:\WINDOWS\System32\kernel.appcore.dll
0x00007ff86cc00000 - 0x00007ff86cc4c000 	C:\WINDOWS\System32\powrprof.dll
0x00007ff86cbe0000 - 0x00007ff86cbfb000 	C:\WINDOWS\System32\profapi.dll

dbghelp: loaded successfully - version: 4.0.5 - missing functions: none
symbol engine: initialized successfully - sym options: 0x614 - pdb path: .;C:\Program Files\Java\jre-10.0.1\bin;C:\WINDOWS\SYSTEM32;C:\WINDOWS\WinSxS\amd64_microsoft.windows.common-controls_6595b64144ccf1df_6.0.16299.248_none_15ced204935f55d7;C:\Program Files\Java\jre-10.0.1\bin\server

VM Arguments:
jvm_args: -Dfile.encoding=Cp1252 
java_command: br.com.fiap.fundamentos.listas.Exercicio3
java_class_path (initial): C:\Users\ljorge\eclipse-workspace\FIAP-FULL-STACK-DEVELOPER\SCJ Fundamentos Entregas\fundamentos-atividade-3\bin
Launcher Type: SUN_STANDARD

Logging:
Log output configuration:
#0: stdout all=warning uptime,level,tags
#1: stderr all=off uptime,level,tags

Environment Variables:
JAVA_HOME=C:\Program Files\Java\jdk1.8.0_144
CLASSPATH=.;C:\Program Files\Java\jdk1.8.0_144\lib;
PATH=C:\Program Files (x86)\Common Files\Oracle\Java\javapath;C:\ProgramData\Oracle\Java\javapath;C:\WINDOWS\system32;C:\WINDOWS;C:\WINDOWS\System32\Wbem;C:\WINDOWS\System32\WindowsPowerShell\v1.0\;C:\Program Files\Java\jdk1.8.0_144\bin;C:\Program Files\Git\cmd;C:\Program Files\IDM Computer Solutions\UltraEdit;C:\Program Files\nodejs\;C:\Users\ljorge\AppData\Local\Microsoft\WindowsApps;C:\Users\ljorge\AppData\Local\GitHubDesktop\bin;C:\Users\ljorge\AppData\Local\Microsoft\WindowsApps;;C:\Program Files\Microsoft VS Code\bin;C:\Users\ljorge\AppData\Roaming\npm
USERNAME=ljorge
OS=Windows_NT
PROCESSOR_IDENTIFIER=Intel64 Family 6 Model 42 Stepping 7, GenuineIntel



---------------  S Y S T E M  ---------------

OS: Windows 10 , 64 bit Build 16299 (10.0.16299.15)

CPU:total 4 (initial active 4) (2 cores per cpu, 2 threads per core) family 6 model 42 stepping 7, cmov, cx8, fxsr, mmx, sse, sse2, sse3, ssse3, sse4.1, sse4.2, popcnt, avx, clmul, ht, tsc, tscinvbit

Memory: 4k page, physical 7968220k(425016k free), swap 7968220k(174380k free)

vm_info: Java HotSpot(TM) 64-Bit Server VM (10.0.1+10) for windows-amd64 JRE (10.0.1+10), built on Mar 27 2018 02:27:48 by "mach5one" with MS VC++ 12.0 (VS2013)

END.
